2017-07-30 18:18:53,601 [Worker-3] INFO  o.e.m.c.i.p.ProjectConfigurationManager - Collecting project info '/pom.xml' /home/neil/Neil_Work/MS_SJSU/scala_spark_learning/spark_ws_java/sparkJava/pom.xml
2017-07-30 18:18:55,177 [Worker-3] INFO  o.e.m.c.i.l.LifecycleMappingFactory - Using org.eclipse.m2e.jdt.JarLifecycleMapping lifecycle mapping for MavenProject: sample.project.:sparkJava:0.0.1-SNAPSHOT @ /home/neil/Neil_Work/MS_SJSU/scala_spark_learning/spark_ws_java/sparkJava/pom.xml.
2017-07-30 18:18:56,082 [Worker-3] INFO  o.e.m.j.i.AbstractJavaProjectConfigurator - Adding source folder /sparkJava/src/main/java
2017-07-30 18:18:56,090 [Worker-3] INFO  o.e.m.j.i.AbstractJavaProjectConfigurator - Adding source folder /sparkJava/src/test/java
2017-07-30 18:18:56,168 [Worker-0] INFO  o.e.m.c.i.l.LifecycleMappingFactory - Using org.eclipse.m2e.jdt.JarLifecycleMapping lifecycle mapping for MavenProject: sample.project.:sparkJava:0.0.1-SNAPSHOT @ /home/neil/Neil_Work/MS_SJSU/scala_spark_learning/spark_ws_java/sparkJava/pom.xml.
2017-07-30 18:18:57,172 [Worker-3] INFO  o.e.m.c.i.p.ProjectConfigurationManager - Imported and configured 1 project(s) in 3 sec
2017-07-30 18:18:58,326 [Worker-5] INFO  o.e.m.c.i.l.LifecycleMappingFactory - Using org.eclipse.m2e.jdt.JarLifecycleMapping lifecycle mapping for MavenProject: sample.project.:sparkJava:0.0.1-SNAPSHOT @ /home/neil/Neil_Work/MS_SJSU/scala_spark_learning/spark_ws_java/sparkJava/pom.xml.
2017-07-30 18:18:58,418 [Worker-5] INFO  o.e.m.c.i.embedder.EclipseLogger - Using 'UTF-8' encoding to copy filtered resources.
2017-07-30 18:18:58,419 [Worker-5] INFO  o.e.m.c.i.embedder.EclipseLogger - skip non existing resourceDirectory /home/neil/Neil_Work/MS_SJSU/scala_spark_learning/spark_ws_java/sparkJava/src/main/resources
2017-07-30 18:18:58,422 [Worker-5] INFO  o.e.m.c.i.embedder.EclipseLogger - Using 'UTF-8' encoding to copy filtered resources.
2017-07-30 18:18:58,423 [Worker-5] INFO  o.e.m.c.i.embedder.EclipseLogger - skip non existing resourceDirectory /home/neil/Neil_Work/MS_SJSU/scala_spark_learning/spark_ws_java/sparkJava/src/test/resources
2017-07-30 18:19:11,680 [Worker-0] INFO  o.e.m.c.i.embedder.EclipseLogger - Using 'UTF-8' encoding to copy filtered resources.
2017-07-30 18:19:11,680 [Worker-0] INFO  o.e.m.c.i.embedder.EclipseLogger - skip non existing resourceDirectory /home/neil/Neil_Work/MS_SJSU/scala_spark_learning/spark_ws_java/sparkJava/src/main/resources
2017-07-30 18:19:11,682 [Worker-0] INFO  o.e.m.c.i.embedder.EclipseLogger - Using 'UTF-8' encoding to copy filtered resources.
2017-07-30 18:19:11,682 [Worker-0] INFO  o.e.m.c.i.embedder.EclipseLogger - skip non existing resourceDirectory /home/neil/Neil_Work/MS_SJSU/scala_spark_learning/spark_ws_java/sparkJava/src/test/resources
2017-07-30 18:20:02,392 [Worker-7] INFO  o.e.m.c.i.l.LifecycleMappingFactory - Using org.eclipse.m2e.jdt.JarLifecycleMapping lifecycle mapping for MavenProject: sample.project.:sparkJava:0.0.1-SNAPSHOT @ /home/neil/Neil_Work/MS_SJSU/scala_spark_learning/spark_ws_java/sparkJava/pom.xml.
2017-07-30 18:20:05,179 [Worker-7] INFO  o.e.m.c.i.embedder.EclipseLogger - Using 'UTF-8' encoding to copy filtered resources.
2017-07-30 18:20:05,179 [Worker-7] INFO  o.e.m.c.i.embedder.EclipseLogger - skip non existing resourceDirectory /home/neil/Neil_Work/MS_SJSU/scala_spark_learning/spark_ws_java/sparkJava/src/main/resources
2017-07-30 18:20:05,181 [Worker-7] INFO  o.e.m.c.i.embedder.EclipseLogger - Using 'UTF-8' encoding to copy filtered resources.
2017-07-30 18:20:05,181 [Worker-7] INFO  o.e.m.c.i.embedder.EclipseLogger - skip non existing resourceDirectory /home/neil/Neil_Work/MS_SJSU/scala_spark_learning/spark_ws_java/sparkJava/src/test/resources
2017-07-30 18:20:07,650 [Worker-8] INFO  o.e.m.c.i.embedder.EclipseLogger - Using 'UTF-8' encoding to copy filtered resources.
2017-07-30 18:20:07,654 [Worker-8] INFO  o.e.m.c.i.embedder.EclipseLogger - skip non existing resourceDirectory /home/neil/Neil_Work/MS_SJSU/scala_spark_learning/spark_ws_java/sparkJava/src/main/resources
2017-07-30 18:20:07,659 [Worker-8] INFO  o.e.m.c.i.embedder.EclipseLogger - Using 'UTF-8' encoding to copy filtered resources.
2017-07-30 18:20:07,660 [Worker-8] INFO  o.e.m.c.i.embedder.EclipseLogger - skip non existing resourceDirectory /home/neil/Neil_Work/MS_SJSU/scala_spark_learning/spark_ws_java/sparkJava/src/test/resources
2017-07-30 18:26:57,302 [Worker-6] INFO  o.e.m.c.i.l.LifecycleMappingFactory - Using org.eclipse.m2e.jdt.JarLifecycleMapping lifecycle mapping for MavenProject: sample.project.:sparkJava:0.0.1-SNAPSHOT @ /home/neil/Neil_Work/MS_SJSU/scala_spark_learning/spark_ws_java/sparkJava/pom.xml.
2017-07-30 18:38:51,107 [Worker-7] ERROR o.e.m.c.i.p.r.ProjectRegistryManager - Could not read pom.xml
org.eclipse.core.runtime.CoreException: Could not read pom.xml
	at org.eclipse.m2e.core.internal.embedder.MavenImpl.readModel(MavenImpl.java:558) [org.eclipse.m2e.core_1.5.1.20150109-1820.jar:na]
	at org.eclipse.m2e.core.internal.embedder.MavenImpl.readModel(MavenImpl.java:567) [org.eclipse.m2e.core_1.5.1.20150109-1820.jar:na]
	at org.eclipse.m2e.core.internal.project.registry.ProjectRegistryManager.refreshPhase2(ProjectRegistryManager.java:511) [org.eclipse.m2e.core_1.5.1.20150109-1820.jar:na]
	at org.eclipse.m2e.core.internal.project.registry.ProjectRegistryManager.refresh(ProjectRegistryManager.java:466) [org.eclipse.m2e.core_1.5.1.20150109-1820.jar:na]
	at org.eclipse.m2e.core.internal.project.registry.ProjectRegistryManager.refresh(ProjectRegistryManager.java:336) [org.eclipse.m2e.core_1.5.1.20150109-1820.jar:na]
	at org.eclipse.m2e.core.internal.project.registry.ProjectRegistryRefreshJob$1$1.call(ProjectRegistryRefreshJob.java:95) [org.eclipse.m2e.core_1.5.1.20150109-1820.jar:na]
	at org.eclipse.m2e.core.internal.project.registry.ProjectRegistryRefreshJob$1$1.call(ProjectRegistryRefreshJob.java:1) [org.eclipse.m2e.core_1.5.1.20150109-1820.jar:na]
	at org.eclipse.m2e.core.internal.embedder.MavenExecutionContext.executeBare(MavenExecutionContext.java:166) [org.eclipse.m2e.core_1.5.1.20150109-1820.jar:na]
	at org.eclipse.m2e.core.internal.embedder.MavenExecutionContext.execute(MavenExecutionContext.java:142) [org.eclipse.m2e.core_1.5.1.20150109-1820.jar:na]
	at org.eclipse.m2e.core.internal.embedder.MavenExecutionContext.execute(MavenExecutionContext.java:96) [org.eclipse.m2e.core_1.5.1.20150109-1820.jar:na]
	at org.eclipse.m2e.core.internal.embedder.MavenImpl.execute(MavenImpl.java:1344) [org.eclipse.m2e.core_1.5.1.20150109-1820.jar:na]
	at org.eclipse.m2e.core.internal.project.registry.ProjectRegistryRefreshJob$1.call(ProjectRegistryRefreshJob.java:93) [org.eclipse.m2e.core_1.5.1.20150109-1820.jar:na]
	at org.eclipse.m2e.core.internal.project.registry.ProjectRegistryRefreshJob$1.call(ProjectRegistryRefreshJob.java:1) [org.eclipse.m2e.core_1.5.1.20150109-1820.jar:na]
	at org.eclipse.m2e.core.internal.embedder.MavenExecutionContext.executeBare(MavenExecutionContext.java:166) [org.eclipse.m2e.core_1.5.1.20150109-1820.jar:na]
	at org.eclipse.m2e.core.internal.embedder.MavenExecutionContext.execute(MavenExecutionContext.java:142) [org.eclipse.m2e.core_1.5.1.20150109-1820.jar:na]
	at org.eclipse.m2e.core.internal.embedder.MavenExecutionContext.execute(MavenExecutionContext.java:96) [org.eclipse.m2e.core_1.5.1.20150109-1820.jar:na]
	at org.eclipse.m2e.core.internal.embedder.MavenImpl.execute(MavenImpl.java:1348) [org.eclipse.m2e.core_1.5.1.20150109-1820.jar:na]
	at org.eclipse.m2e.core.internal.project.registry.ProjectRegistryRefreshJob.run(ProjectRegistryRefreshJob.java:87) [org.eclipse.m2e.core_1.5.1.20150109-1820.jar:na]
	at org.eclipse.core.internal.jobs.Worker.run(Worker.java:54) [org.eclipse.core.jobs_3.6.1.v20141014-1248.jar:na]
Caused by: org.apache.maven.model.io.ModelParseException: end tag name </repositories> must match start tag name <repository> from line 18 (position: TEXT seen ...ry.cloudera.com/artifactory/cloudera-repos/</url>\n\t</repositories>... @21:17) 
	at org.apache.maven.model.io.DefaultModelReader.read(DefaultModelReader.java:127) ~[maven-model-builder-3.2.1.jar:3.2.1]
	at org.apache.maven.model.io.DefaultModelReader.read(DefaultModelReader.java:91) ~[maven-model-builder-3.2.1.jar:3.2.1]
	at org.eclipse.m2e.core.internal.embedder.MavenImpl.readModel(MavenImpl.java:556) [org.eclipse.m2e.core_1.5.1.20150109-1820.jar:na]
	... 18 common frames omitted
Caused by: org.codehaus.plexus.util.xml.pull.XmlPullParserException: end tag name </repositories> must match start tag name <repository> from line 18 (position: TEXT seen ...ry.cloudera.com/artifactory/cloudera-repos/</url>\n\t</repositories>... @21:17) 
	at org.codehaus.plexus.util.xml.pull.MXParser.parseEndTag(MXParser.java:1724) ~[plexus-utils-3.0.17.jar:na]
	at org.codehaus.plexus.util.xml.pull.MXParser.nextImpl(MXParser.java:1169) ~[plexus-utils-3.0.17.jar:na]
	at org.codehaus.plexus.util.xml.pull.MXParser.next(MXParser.java:1131) ~[plexus-utils-3.0.17.jar:na]
	at org.codehaus.plexus.util.xml.pull.MXParser.nextTag(MXParser.java:1118) ~[plexus-utils-3.0.17.jar:na]
	at org.apache.maven.model.io.xpp3.MavenXpp3Reader.parseRepository(MavenXpp3Reader.java:3457) ~[maven-model-3.2.1.jar:3.2.1]
	at org.apache.maven.model.io.xpp3.MavenXpp3Reader.parseModel(MavenXpp3Reader.java:2213) ~[maven-model-3.2.1.jar:3.2.1]
	at org.apache.maven.model.io.xpp3.MavenXpp3Reader.read(MavenXpp3Reader.java:3807) ~[maven-model-3.2.1.jar:3.2.1]
	at org.apache.maven.model.io.xpp3.MavenXpp3Reader.read(MavenXpp3Reader.java:557) ~[maven-model-3.2.1.jar:3.2.1]
	at org.apache.maven.model.io.DefaultModelReader.read(DefaultModelReader.java:122) ~[maven-model-builder-3.2.1.jar:3.2.1]
	... 20 common frames omitted
2017-07-30 18:38:52,712 [Worker-11] INFO  o.e.m.c.i.l.LifecycleMappingFactory - Using org.eclipse.m2e.jdt.JarLifecycleMapping lifecycle mapping for MavenProject: sample.project.:sparkJava:0.0.1-SNAPSHOT @ /home/neil/Neil_Work/MS_SJSU/scala_spark_learning/spark_ws_java/sparkJava/pom.xml.
2017-07-30 18:38:58,926 [Worker-7] INFO  o.e.m.c.i.embedder.EclipseLogger - Using 'UTF-8' encoding to copy filtered resources.
2017-07-30 18:38:58,927 [Worker-7] INFO  o.e.m.c.i.embedder.EclipseLogger - skip non existing resourceDirectory /home/neil/Neil_Work/MS_SJSU/scala_spark_learning/spark_ws_java/sparkJava/src/main/resources
2017-07-30 18:38:58,929 [Worker-7] INFO  o.e.m.c.i.embedder.EclipseLogger - Using 'UTF-8' encoding to copy filtered resources.
2017-07-30 18:38:58,929 [Worker-7] INFO  o.e.m.c.i.embedder.EclipseLogger - skip non existing resourceDirectory /home/neil/Neil_Work/MS_SJSU/scala_spark_learning/spark_ws_java/sparkJava/src/test/resources
2017-07-30 18:39:44,969 [Worker-11] INFO  o.e.m.c.i.l.LifecycleMappingFactory - Using org.eclipse.m2e.jdt.JarLifecycleMapping lifecycle mapping for MavenProject: sample.project.:sparkJava:0.0.1-SNAPSHOT @ /home/neil/Neil_Work/MS_SJSU/scala_spark_learning/spark_ws_java/sparkJava/pom.xml.
2017-07-30 18:39:54,804 [Worker-11] WARN  o.e.m.c.i.embedder.EclipseLogger - The POM for org.apache.spark:spark-sql_2.10:jar:2.0.0-cloudera1-SNAPSHOT is missing, no dependency information available
2017-07-30 18:39:55,212 [Worker-7] INFO  o.e.m.c.i.l.LifecycleMappingFactory - Using org.eclipse.m2e.jdt.JarLifecycleMapping lifecycle mapping for MavenProject: sample.project.:sparkJava:0.0.1-SNAPSHOT @ /home/neil/Neil_Work/MS_SJSU/scala_spark_learning/spark_ws_java/sparkJava/pom.xml.
2017-07-30 18:39:55,694 [Worker-7] WARN  o.e.m.c.i.embedder.EclipseLogger - The POM for org.apache.spark:spark-sql_2.10:jar:2.0.0-cloudera1-SNAPSHOT is missing, no dependency information available
2017-07-30 18:39:55,813 [Worker-7] INFO  o.e.m.c.i.embedder.EclipseLogger - Using 'UTF-8' encoding to copy filtered resources.
2017-07-30 18:39:55,813 [Worker-7] INFO  o.e.m.c.i.embedder.EclipseLogger - skip non existing resourceDirectory /home/neil/Neil_Work/MS_SJSU/scala_spark_learning/spark_ws_java/sparkJava/src/main/resources
2017-07-30 18:39:55,815 [Worker-7] INFO  o.e.m.c.i.embedder.EclipseLogger - Using 'UTF-8' encoding to copy filtered resources.
2017-07-30 18:39:55,815 [Worker-7] INFO  o.e.m.c.i.embedder.EclipseLogger - skip non existing resourceDirectory /home/neil/Neil_Work/MS_SJSU/scala_spark_learning/spark_ws_java/sparkJava/src/test/resources
2017-07-30 18:39:56,247 [Worker-7] INFO  o.e.m.c.i.l.LifecycleMappingFactory - Using org.eclipse.m2e.jdt.JarLifecycleMapping lifecycle mapping for MavenProject: sample.project.:sparkJava:0.0.1-SNAPSHOT @ /home/neil/Neil_Work/MS_SJSU/scala_spark_learning/spark_ws_java/sparkJava/pom.xml.
2017-07-30 18:39:56,736 [Worker-7] WARN  o.e.m.c.i.embedder.EclipseLogger - The POM for org.apache.spark:spark-sql_2.10:jar:2.0.0-cloudera1-SNAPSHOT is missing, no dependency information available
2017-07-30 18:40:11,873 [Worker-12] WARN  o.e.m.c.i.embedder.EclipseLogger - The POM for org.apache.spark:spark-sql_2.10:jar:2.0.0-cloudera1-SNAPSHOT is missing, no dependency information available
2017-07-30 18:40:11,922 [Worker-12] INFO  o.e.m.c.i.embedder.EclipseLogger - Using 'UTF-8' encoding to copy filtered resources.
2017-07-30 18:40:11,922 [Worker-12] INFO  o.e.m.c.i.embedder.EclipseLogger - skip non existing resourceDirectory /home/neil/Neil_Work/MS_SJSU/scala_spark_learning/spark_ws_java/sparkJava/src/main/resources
2017-07-30 18:40:11,924 [Worker-12] INFO  o.e.m.c.i.embedder.EclipseLogger - Using 'UTF-8' encoding to copy filtered resources.
2017-07-30 18:40:11,928 [Worker-12] INFO  o.e.m.c.i.embedder.EclipseLogger - skip non existing resourceDirectory /home/neil/Neil_Work/MS_SJSU/scala_spark_learning/spark_ws_java/sparkJava/src/test/resources
2017-07-30 18:40:29,631 [Worker-11] INFO  o.e.m.c.i.l.LifecycleMappingFactory - Using org.eclipse.m2e.jdt.JarLifecycleMapping lifecycle mapping for MavenProject: sample.project.:sparkJava:0.0.1-SNAPSHOT @ /home/neil/Neil_Work/MS_SJSU/scala_spark_learning/spark_ws_java/sparkJava/pom.xml.
2017-07-30 18:40:30,068 [Worker-11] WARN  o.e.m.c.i.embedder.EclipseLogger - The POM for org.apache.spark:spark-sql_2.10:jar:2.0.0-cloudera1-SNAPSHOT is missing, no dependency information available
2017-07-30 18:40:48,229 [Worker-11] INFO  o.e.m.c.i.e.AbstractTransferListenerAdapter - Downloading http://repo.maven.apache.org/maven2/org/apache/spark/spark-sql_2.10/2.2.0/spark-sql_2.10-2.2.0.pom
2017-07-30 18:40:48,383 [Worker-7] INFO  o.e.m.c.i.l.LifecycleMappingFactory - Using org.eclipse.m2e.jdt.JarLifecycleMapping lifecycle mapping for MavenProject: sample.project.:sparkJava:0.0.1-SNAPSHOT @ /home/neil/Neil_Work/MS_SJSU/scala_spark_learning/spark_ws_java/sparkJava/pom.xml.
2017-07-30 18:40:48,397 [Worker-11] INFO  o.e.m.c.i.e.AbstractTransferListenerAdapter - Downloaded http://repo.maven.apache.org/maven2/org/apache/spark/spark-sql_2.10/2.2.0/spark-sql_2.10-2.2.0.pom
2017-07-30 18:40:48,443 [Worker-11] INFO  o.e.m.c.i.e.AbstractTransferListenerAdapter - Downloading http://repo.maven.apache.org/maven2/com/univocity/univocity-parsers/2.2.1/univocity-parsers-2.2.1.pom
2017-07-30 18:40:48,487 [Worker-11] INFO  o.e.m.c.i.e.AbstractTransferListenerAdapter - Downloaded http://repo.maven.apache.org/maven2/com/univocity/univocity-parsers/2.2.1/univocity-parsers-2.2.1.pom
2017-07-30 18:40:48,510 [Worker-11] INFO  o.e.m.c.i.e.AbstractTransferListenerAdapter - Downloading http://repo.maven.apache.org/maven2/org/apache/spark/spark-sketch_2.10/2.2.0/spark-sketch_2.10-2.2.0.pom
2017-07-30 18:40:48,549 [Worker-11] INFO  o.e.m.c.i.e.AbstractTransferListenerAdapter - Downloaded http://repo.maven.apache.org/maven2/org/apache/spark/spark-sketch_2.10/2.2.0/spark-sketch_2.10-2.2.0.pom
2017-07-30 18:40:48,582 [Worker-11] INFO  o.e.m.c.i.e.AbstractTransferListenerAdapter - Downloading http://repo.maven.apache.org/maven2/org/apache/spark/spark-catalyst_2.10/2.2.0/spark-catalyst_2.10-2.2.0.pom
2017-07-30 18:40:48,623 [Worker-11] INFO  o.e.m.c.i.e.AbstractTransferListenerAdapter - Downloaded http://repo.maven.apache.org/maven2/org/apache/spark/spark-catalyst_2.10/2.2.0/spark-catalyst_2.10-2.2.0.pom
2017-07-30 18:40:48,683 [Worker-11] INFO  o.e.m.c.i.e.AbstractTransferListenerAdapter - Downloading http://repo.maven.apache.org/maven2/org/codehaus/janino/janino/3.0.0/janino-3.0.0.pom
2017-07-30 18:40:48,754 [Worker-11] INFO  o.e.m.c.i.e.AbstractTransferListenerAdapter - Downloaded http://repo.maven.apache.org/maven2/org/codehaus/janino/janino/3.0.0/janino-3.0.0.pom
2017-07-30 18:40:48,771 [Worker-11] INFO  o.e.m.c.i.e.AbstractTransferListenerAdapter - Downloading http://repo.maven.apache.org/maven2/org/codehaus/janino/janino-parent/3.0.0/janino-parent-3.0.0.pom
2017-07-30 18:40:48,826 [Worker-11] INFO  o.e.m.c.i.e.AbstractTransferListenerAdapter - Downloaded http://repo.maven.apache.org/maven2/org/codehaus/janino/janino-parent/3.0.0/janino-parent-3.0.0.pom
2017-07-30 18:40:49,305 [Worker-11] INFO  o.e.m.c.i.e.AbstractTransferListenerAdapter - Downloading http://repo.maven.apache.org/maven2/org/codehaus/janino/commons-compiler/3.0.0/commons-compiler-3.0.0.pom
2017-07-30 18:40:49,345 [Worker-11] INFO  o.e.m.c.i.e.AbstractTransferListenerAdapter - Downloaded http://repo.maven.apache.org/maven2/org/codehaus/janino/commons-compiler/3.0.0/commons-compiler-3.0.0.pom
2017-07-30 18:40:49,368 [Worker-7] INFO  o.e.m.c.i.e.AbstractTransferListenerAdapter - Downloading http://repo.maven.apache.org/maven2/org/antlr/antlr4-runtime/4.5.3/antlr4-runtime-4.5.3.pom
2017-07-30 18:40:49,417 [Worker-7] INFO  o.e.m.c.i.e.AbstractTransferListenerAdapter - Downloaded http://repo.maven.apache.org/maven2/org/antlr/antlr4-runtime/4.5.3/antlr4-runtime-4.5.3.pom
2017-07-30 18:40:49,443 [Worker-7] INFO  o.e.m.c.i.e.AbstractTransferListenerAdapter - Downloading http://repo.maven.apache.org/maven2/org/antlr/antlr4-master/4.5.3/antlr4-master-4.5.3.pom
2017-07-30 18:40:49,473 [Worker-7] INFO  o.e.m.c.i.e.AbstractTransferListenerAdapter - Downloaded http://repo.maven.apache.org/maven2/org/antlr/antlr4-master/4.5.3/antlr4-master-4.5.3.pom
2017-07-30 18:40:49,494 [Worker-7] INFO  o.e.m.c.i.e.AbstractTransferListenerAdapter - Downloading http://repo.maven.apache.org/maven2/commons-codec/commons-codec/1.10/commons-codec-1.10.pom
2017-07-30 18:40:49,534 [Worker-7] INFO  o.e.m.c.i.e.AbstractTransferListenerAdapter - Downloaded http://repo.maven.apache.org/maven2/commons-codec/commons-codec/1.10/commons-codec-1.10.pom
2017-07-30 18:40:49,577 [Worker-7] INFO  o.e.m.c.i.e.AbstractTransferListenerAdapter - Downloading http://repo.maven.apache.org/maven2/org/apache/commons/commons-parent/35/commons-parent-35.pom
2017-07-30 18:40:49,632 [Worker-7] INFO  o.e.m.c.i.e.AbstractTransferListenerAdapter - Downloaded http://repo.maven.apache.org/maven2/org/apache/commons/commons-parent/35/commons-parent-35.pom
2017-07-30 18:40:49,664 [Worker-11] INFO  o.e.m.c.i.e.AbstractTransferListenerAdapter - Downloading http://repo.maven.apache.org/maven2/org/apache/apache/15/apache-15.pom
2017-07-30 18:40:49,695 [Worker-11] INFO  o.e.m.c.i.e.AbstractTransferListenerAdapter - Downloaded http://repo.maven.apache.org/maven2/org/apache/apache/15/apache-15.pom
2017-07-30 18:40:49,717 [Worker-7] INFO  o.e.m.c.i.e.AbstractTransferListenerAdapter - Downloading http://repo.maven.apache.org/maven2/org/apache/parquet/parquet-column/1.8.2/parquet-column-1.8.2.pom
2017-07-30 18:40:49,749 [Worker-7] INFO  o.e.m.c.i.e.AbstractTransferListenerAdapter - Downloaded http://repo.maven.apache.org/maven2/org/apache/parquet/parquet-column/1.8.2/parquet-column-1.8.2.pom
2017-07-30 18:40:49,766 [Worker-7] INFO  o.e.m.c.i.e.AbstractTransferListenerAdapter - Downloading http://repo.maven.apache.org/maven2/org/apache/parquet/parquet/1.8.2/parquet-1.8.2.pom
2017-07-30 18:40:49,833 [Worker-7] INFO  o.e.m.c.i.e.AbstractTransferListenerAdapter - Downloaded http://repo.maven.apache.org/maven2/org/apache/parquet/parquet/1.8.2/parquet-1.8.2.pom
2017-07-30 18:40:49,855 [Worker-7] INFO  o.e.m.c.i.e.AbstractTransferListenerAdapter - Downloading http://repo.maven.apache.org/maven2/org/apache/parquet/parquet-common/1.8.2/parquet-common-1.8.2.pom
2017-07-30 18:40:49,887 [Worker-7] INFO  o.e.m.c.i.e.AbstractTransferListenerAdapter - Downloaded http://repo.maven.apache.org/maven2/org/apache/parquet/parquet-common/1.8.2/parquet-common-1.8.2.pom
2017-07-30 18:40:49,923 [Worker-7] INFO  o.e.m.c.i.e.AbstractTransferListenerAdapter - Downloading http://repo.maven.apache.org/maven2/org/apache/parquet/parquet-encoding/1.8.2/parquet-encoding-1.8.2.pom
2017-07-30 18:40:49,960 [Worker-7] INFO  o.e.m.c.i.e.AbstractTransferListenerAdapter - Downloaded http://repo.maven.apache.org/maven2/org/apache/parquet/parquet-encoding/1.8.2/parquet-encoding-1.8.2.pom
2017-07-30 18:40:49,980 [Worker-7] INFO  o.e.m.c.i.e.AbstractTransferListenerAdapter - Downloading http://repo.maven.apache.org/maven2/commons-codec/commons-codec/1.5/commons-codec-1.5.pom
2017-07-30 18:40:50,022 [Worker-7] INFO  o.e.m.c.i.e.AbstractTransferListenerAdapter - Downloaded http://repo.maven.apache.org/maven2/commons-codec/commons-codec/1.5/commons-codec-1.5.pom
2017-07-30 18:40:50,043 [Worker-7] INFO  o.e.m.c.i.e.AbstractTransferListenerAdapter - Downloading http://repo.maven.apache.org/maven2/org/apache/commons/commons-parent/20/commons-parent-20.pom
2017-07-30 18:40:50,082 [Worker-7] INFO  o.e.m.c.i.e.AbstractTransferListenerAdapter - Downloaded http://repo.maven.apache.org/maven2/org/apache/commons/commons-parent/20/commons-parent-20.pom
2017-07-30 18:40:50,103 [Worker-7] INFO  o.e.m.c.i.e.AbstractTransferListenerAdapter - Downloading http://repo.maven.apache.org/maven2/org/apache/parquet/parquet-hadoop/1.8.2/parquet-hadoop-1.8.2.pom
2017-07-30 18:40:50,140 [Worker-7] INFO  o.e.m.c.i.e.AbstractTransferListenerAdapter - Downloaded http://repo.maven.apache.org/maven2/org/apache/parquet/parquet-hadoop/1.8.2/parquet-hadoop-1.8.2.pom
2017-07-30 18:40:50,161 [Worker-7] INFO  o.e.m.c.i.e.AbstractTransferListenerAdapter - Downloading http://repo.maven.apache.org/maven2/org/apache/parquet/parquet-format/2.3.1/parquet-format-2.3.1.pom
2017-07-30 18:40:50,183 [Worker-6] INFO  o.e.m.c.i.l.LifecycleMappingFactory - Using org.eclipse.m2e.jdt.JarLifecycleMapping lifecycle mapping for MavenProject: sample.project.:sparkJava:0.0.1-SNAPSHOT @ /home/neil/Neil_Work/MS_SJSU/scala_spark_learning/spark_ws_java/sparkJava/pom.xml.
2017-07-30 18:40:50,219 [Worker-7] INFO  o.e.m.c.i.e.AbstractTransferListenerAdapter - Downloaded http://repo.maven.apache.org/maven2/org/apache/parquet/parquet-format/2.3.1/parquet-format-2.3.1.pom
2017-07-30 18:40:50,240 [Worker-7] INFO  o.e.m.c.i.e.AbstractTransferListenerAdapter - Downloading http://repo.maven.apache.org/maven2/org/apache/parquet/parquet-jackson/1.8.2/parquet-jackson-1.8.2.pom
2017-07-30 18:40:50,276 [Worker-7] INFO  o.e.m.c.i.e.AbstractTransferListenerAdapter - Downloaded http://repo.maven.apache.org/maven2/org/apache/parquet/parquet-jackson/1.8.2/parquet-jackson-1.8.2.pom
2017-07-30 18:40:50,296 [Worker-11] INFO  o.e.m.c.i.e.AbstractTransferListenerAdapter - Downloading http://repo.maven.apache.org/maven2/org/codehaus/jackson/jackson-mapper-asl/1.9.11/jackson-mapper-asl-1.9.11.pom
2017-07-30 18:40:50,329 [Worker-11] INFO  o.e.m.c.i.e.AbstractTransferListenerAdapter - Downloaded http://repo.maven.apache.org/maven2/org/codehaus/jackson/jackson-mapper-asl/1.9.11/jackson-mapper-asl-1.9.11.pom
2017-07-30 18:40:50,345 [Worker-7] INFO  o.e.m.c.i.e.AbstractTransferListenerAdapter - Downloading http://repo.maven.apache.org/maven2/org/codehaus/jackson/jackson-core-asl/1.9.11/jackson-core-asl-1.9.11.pom
2017-07-30 18:40:50,383 [Worker-7] INFO  o.e.m.c.i.e.AbstractTransferListenerAdapter - Downloaded http://repo.maven.apache.org/maven2/org/codehaus/jackson/jackson-core-asl/1.9.11/jackson-core-asl-1.9.11.pom
2017-07-30 18:40:50,400 [Worker-7] INFO  o.e.m.c.i.e.AbstractTransferListenerAdapter - Downloading http://repo.maven.apache.org/maven2/org/xerial/snappy/snappy-java/1.1.1.6/snappy-java-1.1.1.6.pom
2017-07-30 18:40:50,437 [Worker-7] INFO  o.e.m.c.i.e.AbstractTransferListenerAdapter - Downloaded http://repo.maven.apache.org/maven2/org/xerial/snappy/snappy-java/1.1.1.6/snappy-java-1.1.1.6.pom
2017-07-30 18:40:50,598 [Worker-11] INFO  o.e.m.c.i.e.AbstractTransferListenerAdapter - Downloading http://repo.maven.apache.org/maven2/org/apache/spark/spark-sql_2.10/2.2.0/spark-sql_2.10-2.2.0.jar
2017-07-30 18:40:52,129 [Worker-11] INFO  o.e.m.c.i.e.AbstractTransferListenerAdapter - Downloaded http://repo.maven.apache.org/maven2/org/apache/spark/spark-sql_2.10/2.2.0/spark-sql_2.10-2.2.0.jar
2017-07-30 18:40:52,151 [Worker-11] INFO  o.e.m.c.i.e.AbstractTransferListenerAdapter - Downloading http://repo.maven.apache.org/maven2/com/univocity/univocity-parsers/2.2.1/univocity-parsers-2.2.1.jar
2017-07-30 18:40:52,237 [Worker-11] INFO  o.e.m.c.i.e.AbstractTransferListenerAdapter - Downloaded http://repo.maven.apache.org/maven2/com/univocity/univocity-parsers/2.2.1/univocity-parsers-2.2.1.jar
2017-07-30 18:40:52,251 [Worker-11] INFO  o.e.m.c.i.e.AbstractTransferListenerAdapter - Downloading http://repo.maven.apache.org/maven2/org/apache/spark/spark-sketch_2.10/2.2.0/spark-sketch_2.10-2.2.0.jar
2017-07-30 18:40:52,420 [Worker-11] INFO  o.e.m.c.i.e.AbstractTransferListenerAdapter - Downloaded http://repo.maven.apache.org/maven2/org/apache/spark/spark-sketch_2.10/2.2.0/spark-sketch_2.10-2.2.0.jar
2017-07-30 18:40:52,435 [Worker-11] INFO  o.e.m.c.i.e.AbstractTransferListenerAdapter - Downloading http://repo.maven.apache.org/maven2/org/apache/spark/spark-catalyst_2.10/2.2.0/spark-catalyst_2.10-2.2.0.jar
2017-07-30 18:40:54,032 [Worker-11] INFO  o.e.m.c.i.e.AbstractTransferListenerAdapter - Downloaded http://repo.maven.apache.org/maven2/org/apache/spark/spark-catalyst_2.10/2.2.0/spark-catalyst_2.10-2.2.0.jar
2017-07-30 18:40:54,046 [Worker-11] INFO  o.e.m.c.i.e.AbstractTransferListenerAdapter - Downloading http://repo.maven.apache.org/maven2/org/codehaus/janino/janino/3.0.0/janino-3.0.0.jar
2017-07-30 18:40:54,210 [Worker-11] INFO  o.e.m.c.i.e.AbstractTransferListenerAdapter - Downloaded http://repo.maven.apache.org/maven2/org/codehaus/janino/janino/3.0.0/janino-3.0.0.jar
2017-07-30 18:40:54,222 [Worker-11] INFO  o.e.m.c.i.e.AbstractTransferListenerAdapter - Downloading http://repo.maven.apache.org/maven2/org/codehaus/janino/commons-compiler/3.0.0/commons-compiler-3.0.0.jar
2017-07-30 18:40:54,261 [Worker-11] INFO  o.e.m.c.i.e.AbstractTransferListenerAdapter - Downloaded http://repo.maven.apache.org/maven2/org/codehaus/janino/commons-compiler/3.0.0/commons-compiler-3.0.0.jar
2017-07-30 18:40:54,275 [Worker-11] INFO  o.e.m.c.i.e.AbstractTransferListenerAdapter - Downloading http://repo.maven.apache.org/maven2/org/antlr/antlr4-runtime/4.5.3/antlr4-runtime-4.5.3.jar
2017-07-30 18:40:54,365 [Worker-11] INFO  o.e.m.c.i.e.AbstractTransferListenerAdapter - Downloaded http://repo.maven.apache.org/maven2/org/antlr/antlr4-runtime/4.5.3/antlr4-runtime-4.5.3.jar
2017-07-30 18:40:54,380 [Worker-11] INFO  o.e.m.c.i.e.AbstractTransferListenerAdapter - Downloading http://repo.maven.apache.org/maven2/org/apache/parquet/parquet-column/1.8.2/parquet-column-1.8.2.jar
2017-07-30 18:40:54,581 [Worker-11] INFO  o.e.m.c.i.e.AbstractTransferListenerAdapter - Downloaded http://repo.maven.apache.org/maven2/org/apache/parquet/parquet-column/1.8.2/parquet-column-1.8.2.jar
2017-07-30 18:40:54,596 [Worker-11] INFO  o.e.m.c.i.e.AbstractTransferListenerAdapter - Downloading http://repo.maven.apache.org/maven2/org/apache/parquet/parquet-common/1.8.2/parquet-common-1.8.2.jar
2017-07-30 18:40:54,632 [Worker-11] INFO  o.e.m.c.i.e.AbstractTransferListenerAdapter - Downloaded http://repo.maven.apache.org/maven2/org/apache/parquet/parquet-common/1.8.2/parquet-common-1.8.2.jar
2017-07-30 18:40:54,647 [Worker-11] INFO  o.e.m.c.i.e.AbstractTransferListenerAdapter - Downloading http://repo.maven.apache.org/maven2/org/apache/parquet/parquet-encoding/1.8.2/parquet-encoding-1.8.2.jar
2017-07-30 18:40:54,730 [Worker-11] INFO  o.e.m.c.i.e.AbstractTransferListenerAdapter - Downloaded http://repo.maven.apache.org/maven2/org/apache/parquet/parquet-encoding/1.8.2/parquet-encoding-1.8.2.jar
2017-07-30 18:40:54,743 [Worker-11] INFO  o.e.m.c.i.e.AbstractTransferListenerAdapter - Downloading http://repo.maven.apache.org/maven2/org/apache/parquet/parquet-hadoop/1.8.2/parquet-hadoop-1.8.2.jar
2017-07-30 18:40:54,811 [Worker-11] INFO  o.e.m.c.i.e.AbstractTransferListenerAdapter - Downloaded http://repo.maven.apache.org/maven2/org/apache/parquet/parquet-hadoop/1.8.2/parquet-hadoop-1.8.2.jar
2017-07-30 18:40:54,827 [Worker-11] INFO  o.e.m.c.i.e.AbstractTransferListenerAdapter - Downloading http://repo.maven.apache.org/maven2/org/apache/parquet/parquet-format/2.3.1/parquet-format-2.3.1.jar
2017-07-30 18:40:54,927 [Worker-11] INFO  o.e.m.c.i.e.AbstractTransferListenerAdapter - Downloaded http://repo.maven.apache.org/maven2/org/apache/parquet/parquet-format/2.3.1/parquet-format-2.3.1.jar
2017-07-30 18:40:54,951 [Worker-11] INFO  o.e.m.c.i.e.AbstractTransferListenerAdapter - Downloading http://repo.maven.apache.org/maven2/org/apache/parquet/parquet-jackson/1.8.2/parquet-jackson-1.8.2.jar
2017-07-30 18:40:55,161 [Worker-11] INFO  o.e.m.c.i.e.AbstractTransferListenerAdapter - Downloaded http://repo.maven.apache.org/maven2/org/apache/parquet/parquet-jackson/1.8.2/parquet-jackson-1.8.2.jar
2017-07-30 18:40:57,544 [Worker-6] INFO  o.e.m.c.i.embedder.EclipseLogger - Using 'UTF-8' encoding to copy filtered resources.
2017-07-30 18:40:57,544 [Worker-6] INFO  o.e.m.c.i.embedder.EclipseLogger - skip non existing resourceDirectory /home/neil/Neil_Work/MS_SJSU/scala_spark_learning/spark_ws_java/sparkJava/src/main/resources
2017-07-30 18:40:57,546 [Worker-6] INFO  o.e.m.c.i.embedder.EclipseLogger - Using 'UTF-8' encoding to copy filtered resources.
2017-07-30 18:40:57,546 [Worker-6] INFO  o.e.m.c.i.embedder.EclipseLogger - skip non existing resourceDirectory /home/neil/Neil_Work/MS_SJSU/scala_spark_learning/spark_ws_java/sparkJava/src/test/resources
2017-07-30 18:40:59,111 [Worker-6] INFO  o.e.m.c.i.l.LifecycleMappingFactory - Using org.eclipse.m2e.jdt.JarLifecycleMapping lifecycle mapping for MavenProject: sample.project.:sparkJava:0.0.1-SNAPSHOT @ /home/neil/Neil_Work/MS_SJSU/scala_spark_learning/spark_ws_java/sparkJava/pom.xml.
2017-07-30 18:43:15,490 [Worker-14] INFO  o.e.m.c.i.embedder.EclipseLogger - Using 'UTF-8' encoding to copy filtered resources.
2017-07-30 18:43:15,490 [Worker-14] INFO  o.e.m.c.i.embedder.EclipseLogger - skip non existing resourceDirectory /home/neil/Neil_Work/MS_SJSU/scala_spark_learning/spark_ws_java/sparkJava/src/main/resources
2017-07-30 18:43:15,492 [Worker-14] INFO  o.e.m.c.i.embedder.EclipseLogger - Using 'UTF-8' encoding to copy filtered resources.
2017-07-30 18:43:15,492 [Worker-14] INFO  o.e.m.c.i.embedder.EclipseLogger - skip non existing resourceDirectory /home/neil/Neil_Work/MS_SJSU/scala_spark_learning/spark_ws_java/sparkJava/src/test/resources
2017-07-30 18:45:20,894 [Worker-12] INFO  o.e.m.c.i.embedder.EclipseLogger - Using 'UTF-8' encoding to copy filtered resources.
2017-07-30 18:45:20,895 [Worker-12] INFO  o.e.m.c.i.embedder.EclipseLogger - skip non existing resourceDirectory /home/neil/Neil_Work/MS_SJSU/scala_spark_learning/spark_ws_java/sparkJava/src/main/resources
2017-07-30 18:45:20,896 [Worker-12] INFO  o.e.m.c.i.embedder.EclipseLogger - Using 'UTF-8' encoding to copy filtered resources.
2017-07-30 18:45:20,896 [Worker-12] INFO  o.e.m.c.i.embedder.EclipseLogger - skip non existing resourceDirectory /home/neil/Neil_Work/MS_SJSU/scala_spark_learning/spark_ws_java/sparkJava/src/test/resources
2017-07-30 18:46:34,905 [Worker-0] INFO  o.e.m.c.i.embedder.EclipseLogger - Using 'UTF-8' encoding to copy filtered resources.
2017-07-30 18:46:34,906 [Worker-0] INFO  o.e.m.c.i.embedder.EclipseLogger - skip non existing resourceDirectory /home/neil/Neil_Work/MS_SJSU/scala_spark_learning/spark_ws_java/sparkJava/src/main/resources
2017-07-30 18:46:34,907 [Worker-0] INFO  o.e.m.c.i.embedder.EclipseLogger - Using 'UTF-8' encoding to copy filtered resources.
2017-07-30 18:46:34,907 [Worker-0] INFO  o.e.m.c.i.embedder.EclipseLogger - skip non existing resourceDirectory /home/neil/Neil_Work/MS_SJSU/scala_spark_learning/spark_ws_java/sparkJava/src/test/resources
2017-07-30 18:48:49,652 [Worker-13] INFO  o.e.m.c.i.e.AbstractTransferListenerAdapter - Downloading http://repo.maven.apache.org/maven2/org/scala-lang/scala-library/2.10.6/scala-library-2.10.6-sources.jar
2017-07-30 18:48:49,991 [Worker-13] INFO  o.e.m.c.i.e.AbstractTransferListenerAdapter - Downloaded http://repo.maven.apache.org/maven2/org/scala-lang/scala-library/2.10.6/scala-library-2.10.6-sources.jar
2017-07-30 18:48:50,182 [Worker-13] INFO  o.e.m.j.internal.DownloadSourcesJob - Downloaded sources for org.scala-lang:scala-library:2.10.6
2017-07-30 18:50:40,868 [Worker-13] INFO  o.e.m.c.i.l.LifecycleMappingFactory - Using org.eclipse.m2e.jdt.JarLifecycleMapping lifecycle mapping for MavenProject: sample.project.:sparkJava:0.0.1-SNAPSHOT @ /home/neil/Neil_Work/MS_SJSU/scala_spark_learning/spark_ws_java/sparkJava/pom.xml.
2017-07-30 18:50:44,986 [Worker-7] INFO  o.e.m.c.i.embedder.EclipseLogger - Using 'UTF-8' encoding to copy filtered resources.
2017-07-30 18:50:44,986 [Worker-7] INFO  o.e.m.c.i.embedder.EclipseLogger - skip non existing resourceDirectory /home/neil/Neil_Work/MS_SJSU/scala_spark_learning/spark_ws_java/sparkJava/src/main/resources
2017-07-30 18:50:44,989 [Worker-7] INFO  o.e.m.c.i.embedder.EclipseLogger - Using 'UTF-8' encoding to copy filtered resources.
2017-07-30 18:50:44,989 [Worker-7] INFO  o.e.m.c.i.embedder.EclipseLogger - skip non existing resourceDirectory /home/neil/Neil_Work/MS_SJSU/scala_spark_learning/spark_ws_java/sparkJava/src/test/resources
2017-07-30 18:51:26,925 [Worker-18] INFO  o.e.m.c.i.embedder.EclipseLogger - Using 'UTF-8' encoding to copy filtered resources.
2017-07-30 18:51:26,926 [Worker-18] INFO  o.e.m.c.i.embedder.EclipseLogger - skip non existing resourceDirectory /home/neil/Neil_Work/MS_SJSU/scala_spark_learning/spark_ws_java/sparkJava/src/main/resources
2017-07-30 18:51:26,929 [Worker-18] INFO  o.e.m.c.i.embedder.EclipseLogger - Using 'UTF-8' encoding to copy filtered resources.
2017-07-30 18:51:26,929 [Worker-18] INFO  o.e.m.c.i.embedder.EclipseLogger - skip non existing resourceDirectory /home/neil/Neil_Work/MS_SJSU/scala_spark_learning/spark_ws_java/sparkJava/src/test/resources
2017-07-30 19:19:30,351 [Worker-27] INFO  o.e.m.c.i.embedder.EclipseLogger - Using 'UTF-8' encoding to copy filtered resources.
2017-07-30 19:19:30,353 [Worker-27] INFO  o.e.m.c.i.embedder.EclipseLogger - skip non existing resourceDirectory /home/neil/Neil_Work/MS_SJSU/scala_spark_learning/spark_ws_java/sparkJava/src/main/resources
2017-07-30 19:19:30,356 [Worker-27] INFO  o.e.m.c.i.embedder.EclipseLogger - Using 'UTF-8' encoding to copy filtered resources.
2017-07-30 19:19:30,356 [Worker-27] INFO  o.e.m.c.i.embedder.EclipseLogger - skip non existing resourceDirectory /home/neil/Neil_Work/MS_SJSU/scala_spark_learning/spark_ws_java/sparkJava/src/test/resources
2017-07-30 20:45:23,545 [Worker-38] INFO  o.e.m.c.i.embedder.EclipseLogger - Using 'UTF-8' encoding to copy filtered resources.
2017-07-30 20:45:23,593 [Worker-38] INFO  o.e.m.c.i.embedder.EclipseLogger - skip non existing resourceDirectory /home/neil/Neil_Work/MS_SJSU/scala_spark_learning/spark_ws_java/sparkJava/src/main/resources
2017-07-30 20:45:23,594 [Worker-38] INFO  o.e.m.c.i.embedder.EclipseLogger - Using 'UTF-8' encoding to copy filtered resources.
2017-07-30 20:45:23,604 [Worker-38] INFO  o.e.m.c.i.embedder.EclipseLogger - skip non existing resourceDirectory /home/neil/Neil_Work/MS_SJSU/scala_spark_learning/spark_ws_java/sparkJava/src/test/resources
2017-07-30 20:45:42,796 [Worker-38] INFO  o.e.m.c.i.embedder.EclipseLogger - Using 'UTF-8' encoding to copy filtered resources.
2017-07-30 20:45:42,797 [Worker-38] INFO  o.e.m.c.i.embedder.EclipseLogger - skip non existing resourceDirectory /home/neil/Neil_Work/MS_SJSU/scala_spark_learning/spark_ws_java/sparkJava/src/main/resources
2017-07-30 20:45:42,799 [Worker-38] INFO  o.e.m.c.i.embedder.EclipseLogger - Using 'UTF-8' encoding to copy filtered resources.
2017-07-30 20:45:42,799 [Worker-38] INFO  o.e.m.c.i.embedder.EclipseLogger - skip non existing resourceDirectory /home/neil/Neil_Work/MS_SJSU/scala_spark_learning/spark_ws_java/sparkJava/src/test/resources
2017-07-30 20:46:26,962 [Worker-59] INFO  o.e.m.c.i.embedder.EclipseLogger - Using 'UTF-8' encoding to copy filtered resources.
2017-07-30 20:46:26,963 [Worker-59] INFO  o.e.m.c.i.embedder.EclipseLogger - skip non existing resourceDirectory /home/neil/Neil_Work/MS_SJSU/scala_spark_learning/spark_ws_java/sparkJava/src/main/resources
2017-07-30 20:46:26,964 [Worker-59] INFO  o.e.m.c.i.embedder.EclipseLogger - Using 'UTF-8' encoding to copy filtered resources.
2017-07-30 20:46:26,964 [Worker-59] INFO  o.e.m.c.i.embedder.EclipseLogger - skip non existing resourceDirectory /home/neil/Neil_Work/MS_SJSU/scala_spark_learning/spark_ws_java/sparkJava/src/test/resources
2017-07-30 20:47:53,962 [Worker-63] INFO  o.e.m.c.i.embedder.EclipseLogger - Using 'UTF-8' encoding to copy filtered resources.
2017-07-30 20:47:53,962 [Worker-63] INFO  o.e.m.c.i.embedder.EclipseLogger - skip non existing resourceDirectory /home/neil/Neil_Work/MS_SJSU/scala_spark_learning/spark_ws_java/sparkJava/src/main/resources
2017-07-30 20:47:53,963 [Worker-63] INFO  o.e.m.c.i.embedder.EclipseLogger - Using 'UTF-8' encoding to copy filtered resources.
2017-07-30 20:47:53,963 [Worker-63] INFO  o.e.m.c.i.embedder.EclipseLogger - skip non existing resourceDirectory /home/neil/Neil_Work/MS_SJSU/scala_spark_learning/spark_ws_java/sparkJava/src/test/resources
2017-07-30 20:49:40,412 [Worker-59] INFO  o.e.m.c.i.embedder.EclipseLogger - Using 'UTF-8' encoding to copy filtered resources.
2017-07-30 20:49:40,437 [Worker-59] INFO  o.e.m.c.i.embedder.EclipseLogger - skip non existing resourceDirectory /home/neil/Neil_Work/MS_SJSU/scala_spark_learning/spark_ws_java/sparkJava/src/main/resources
2017-07-30 20:49:40,439 [Worker-59] INFO  o.e.m.c.i.embedder.EclipseLogger - Using 'UTF-8' encoding to copy filtered resources.
2017-07-30 20:49:40,439 [Worker-59] INFO  o.e.m.c.i.embedder.EclipseLogger - skip non existing resourceDirectory /home/neil/Neil_Work/MS_SJSU/scala_spark_learning/spark_ws_java/sparkJava/src/test/resources
2017-07-30 20:50:25,696 [Worker-59] INFO  o.e.m.c.i.embedder.EclipseLogger - Using 'UTF-8' encoding to copy filtered resources.
2017-07-30 20:50:25,697 [Worker-59] INFO  o.e.m.c.i.embedder.EclipseLogger - skip non existing resourceDirectory /home/neil/Neil_Work/MS_SJSU/scala_spark_learning/spark_ws_java/sparkJava/src/main/resources
2017-07-30 20:50:25,698 [Worker-59] INFO  o.e.m.c.i.embedder.EclipseLogger - Using 'UTF-8' encoding to copy filtered resources.
2017-07-30 20:50:25,698 [Worker-59] INFO  o.e.m.c.i.embedder.EclipseLogger - skip non existing resourceDirectory /home/neil/Neil_Work/MS_SJSU/scala_spark_learning/spark_ws_java/sparkJava/src/test/resources
2017-07-30 21:29:58,988 [Worker-87] INFO  o.e.m.c.i.embedder.EclipseLogger - Using 'UTF-8' encoding to copy filtered resources.
2017-07-30 21:29:58,998 [Worker-87] INFO  o.e.m.c.i.embedder.EclipseLogger - skip non existing resourceDirectory /home/neil/Neil_Work/MS_SJSU/scala_spark_learning/spark_ws_java/sparkJava/src/main/resources
2017-07-30 21:29:59,000 [Worker-87] INFO  o.e.m.c.i.embedder.EclipseLogger - Using 'UTF-8' encoding to copy filtered resources.
2017-07-30 21:29:59,001 [Worker-87] INFO  o.e.m.c.i.embedder.EclipseLogger - skip non existing resourceDirectory /home/neil/Neil_Work/MS_SJSU/scala_spark_learning/spark_ws_java/sparkJava/src/test/resources
2017-07-30 22:02:19,943 [Worker-93] INFO  o.e.m.c.i.embedder.EclipseLogger - Using 'UTF-8' encoding to copy filtered resources.
2017-07-30 22:02:19,944 [Worker-93] INFO  o.e.m.c.i.embedder.EclipseLogger - skip non existing resourceDirectory /home/neil/Neil_Work/MS_SJSU/scala_spark_learning/spark_ws_java/sparkJava/src/main/resources
2017-07-30 22:02:19,945 [Worker-93] INFO  o.e.m.c.i.embedder.EclipseLogger - Using 'UTF-8' encoding to copy filtered resources.
2017-07-30 22:02:19,945 [Worker-93] INFO  o.e.m.c.i.embedder.EclipseLogger - skip non existing resourceDirectory /home/neil/Neil_Work/MS_SJSU/scala_spark_learning/spark_ws_java/sparkJava/src/test/resources
2017-07-30 22:04:08,772 [Worker-95] INFO  o.e.m.c.i.embedder.EclipseLogger - Using 'UTF-8' encoding to copy filtered resources.
2017-07-30 22:04:08,773 [Worker-95] INFO  o.e.m.c.i.embedder.EclipseLogger - skip non existing resourceDirectory /home/neil/Neil_Work/MS_SJSU/scala_spark_learning/spark_ws_java/sparkJava/src/main/resources
2017-07-30 22:04:08,774 [Worker-95] INFO  o.e.m.c.i.embedder.EclipseLogger - Using 'UTF-8' encoding to copy filtered resources.
2017-07-30 22:04:08,782 [Worker-95] INFO  o.e.m.c.i.embedder.EclipseLogger - skip non existing resourceDirectory /home/neil/Neil_Work/MS_SJSU/scala_spark_learning/spark_ws_java/sparkJava/src/test/resources
2017-07-30 22:05:10,232 [Worker-90] INFO  o.e.m.c.i.embedder.EclipseLogger - Using 'UTF-8' encoding to copy filtered resources.
2017-07-30 22:05:10,232 [Worker-90] INFO  o.e.m.c.i.embedder.EclipseLogger - skip non existing resourceDirectory /home/neil/Neil_Work/MS_SJSU/scala_spark_learning/spark_ws_java/sparkJava/src/main/resources
2017-07-30 22:05:10,233 [Worker-90] INFO  o.e.m.c.i.embedder.EclipseLogger - Using 'UTF-8' encoding to copy filtered resources.
2017-07-30 22:05:10,234 [Worker-90] INFO  o.e.m.c.i.embedder.EclipseLogger - skip non existing resourceDirectory /home/neil/Neil_Work/MS_SJSU/scala_spark_learning/spark_ws_java/sparkJava/src/test/resources
2017-07-30 22:13:13,053 [Worker-93] INFO  o.e.m.c.i.embedder.EclipseLogger - Using 'UTF-8' encoding to copy filtered resources.
2017-07-30 22:13:13,054 [Worker-93] INFO  o.e.m.c.i.embedder.EclipseLogger - skip non existing resourceDirectory /home/neil/Neil_Work/MS_SJSU/scala_spark_learning/spark_ws_java/sparkJava/src/main/resources
2017-07-30 22:13:13,057 [Worker-93] INFO  o.e.m.c.i.embedder.EclipseLogger - Using 'UTF-8' encoding to copy filtered resources.
2017-07-30 22:13:13,057 [Worker-93] INFO  o.e.m.c.i.embedder.EclipseLogger - skip non existing resourceDirectory /home/neil/Neil_Work/MS_SJSU/scala_spark_learning/spark_ws_java/sparkJava/src/test/resources
2017-07-30 22:13:59,043 [Worker-101] INFO  o.e.m.c.i.embedder.EclipseLogger - Using 'UTF-8' encoding to copy filtered resources.
2017-07-30 22:13:59,043 [Worker-101] INFO  o.e.m.c.i.embedder.EclipseLogger - skip non existing resourceDirectory /home/neil/Neil_Work/MS_SJSU/scala_spark_learning/spark_ws_java/sparkJava/src/main/resources
2017-07-30 22:13:59,044 [Worker-101] INFO  o.e.m.c.i.embedder.EclipseLogger - Using 'UTF-8' encoding to copy filtered resources.
2017-07-30 22:13:59,044 [Worker-101] INFO  o.e.m.c.i.embedder.EclipseLogger - skip non existing resourceDirectory /home/neil/Neil_Work/MS_SJSU/scala_spark_learning/spark_ws_java/sparkJava/src/test/resources
2017-07-30 22:14:33,045 [Worker-90] INFO  o.e.m.c.i.embedder.EclipseLogger - Using 'UTF-8' encoding to copy filtered resources.
2017-07-30 22:14:33,045 [Worker-90] INFO  o.e.m.c.i.embedder.EclipseLogger - skip non existing resourceDirectory /home/neil/Neil_Work/MS_SJSU/scala_spark_learning/spark_ws_java/sparkJava/src/main/resources
2017-07-30 22:14:33,046 [Worker-90] INFO  o.e.m.c.i.embedder.EclipseLogger - Using 'UTF-8' encoding to copy filtered resources.
2017-07-30 22:14:33,046 [Worker-90] INFO  o.e.m.c.i.embedder.EclipseLogger - skip non existing resourceDirectory /home/neil/Neil_Work/MS_SJSU/scala_spark_learning/spark_ws_java/sparkJava/src/test/resources
2017-07-30 22:16:30,351 [Worker-102] INFO  o.e.m.c.i.embedder.EclipseLogger - Using 'UTF-8' encoding to copy filtered resources.
2017-07-30 22:16:30,351 [Worker-102] INFO  o.e.m.c.i.embedder.EclipseLogger - skip non existing resourceDirectory /home/neil/Neil_Work/MS_SJSU/scala_spark_learning/spark_ws_java/sparkJava/src/main/resources
2017-07-30 22:16:30,352 [Worker-102] INFO  o.e.m.c.i.embedder.EclipseLogger - Using 'UTF-8' encoding to copy filtered resources.
2017-07-30 22:16:30,353 [Worker-102] INFO  o.e.m.c.i.embedder.EclipseLogger - skip non existing resourceDirectory /home/neil/Neil_Work/MS_SJSU/scala_spark_learning/spark_ws_java/sparkJava/src/test/resources
2017-07-30 22:17:25,825 [Worker-102] INFO  o.e.m.c.i.embedder.EclipseLogger - Using 'UTF-8' encoding to copy filtered resources.
2017-07-30 22:17:25,825 [Worker-102] INFO  o.e.m.c.i.embedder.EclipseLogger - skip non existing resourceDirectory /home/neil/Neil_Work/MS_SJSU/scala_spark_learning/spark_ws_java/sparkJava/src/main/resources
2017-07-30 22:17:25,826 [Worker-102] INFO  o.e.m.c.i.embedder.EclipseLogger - Using 'UTF-8' encoding to copy filtered resources.
2017-07-30 22:17:25,826 [Worker-102] INFO  o.e.m.c.i.embedder.EclipseLogger - skip non existing resourceDirectory /home/neil/Neil_Work/MS_SJSU/scala_spark_learning/spark_ws_java/sparkJava/src/test/resources
2017-07-30 22:18:25,942 [Worker-102] INFO  o.e.m.c.i.embedder.EclipseLogger - Using 'UTF-8' encoding to copy filtered resources.
2017-07-30 22:18:25,942 [Worker-102] INFO  o.e.m.c.i.embedder.EclipseLogger - skip non existing resourceDirectory /home/neil/Neil_Work/MS_SJSU/scala_spark_learning/spark_ws_java/sparkJava/src/main/resources
2017-07-30 22:18:25,943 [Worker-102] INFO  o.e.m.c.i.embedder.EclipseLogger - Using 'UTF-8' encoding to copy filtered resources.
2017-07-30 22:18:25,943 [Worker-102] INFO  o.e.m.c.i.embedder.EclipseLogger - skip non existing resourceDirectory /home/neil/Neil_Work/MS_SJSU/scala_spark_learning/spark_ws_java/sparkJava/src/test/resources
2017-07-30 22:19:05,864 [Worker-90] INFO  o.e.m.c.i.embedder.EclipseLogger - Using 'UTF-8' encoding to copy filtered resources.
2017-07-30 22:19:05,865 [Worker-90] INFO  o.e.m.c.i.embedder.EclipseLogger - skip non existing resourceDirectory /home/neil/Neil_Work/MS_SJSU/scala_spark_learning/spark_ws_java/sparkJava/src/main/resources
2017-07-30 22:19:05,867 [Worker-90] INFO  o.e.m.c.i.embedder.EclipseLogger - Using 'UTF-8' encoding to copy filtered resources.
2017-07-30 22:19:05,867 [Worker-90] INFO  o.e.m.c.i.embedder.EclipseLogger - skip non existing resourceDirectory /home/neil/Neil_Work/MS_SJSU/scala_spark_learning/spark_ws_java/sparkJava/src/test/resources
2017-07-30 22:20:55,455 [Worker-103] INFO  o.e.m.c.i.embedder.EclipseLogger - Using 'UTF-8' encoding to copy filtered resources.
2017-07-30 22:20:55,455 [Worker-103] INFO  o.e.m.c.i.embedder.EclipseLogger - skip non existing resourceDirectory /home/neil/Neil_Work/MS_SJSU/scala_spark_learning/spark_ws_java/sparkJava/src/main/resources
2017-07-30 22:20:55,458 [Worker-103] INFO  o.e.m.c.i.embedder.EclipseLogger - Using 'UTF-8' encoding to copy filtered resources.
2017-07-30 22:20:55,458 [Worker-103] INFO  o.e.m.c.i.embedder.EclipseLogger - skip non existing resourceDirectory /home/neil/Neil_Work/MS_SJSU/scala_spark_learning/spark_ws_java/sparkJava/src/test/resources
2017-07-30 22:21:51,924 [Worker-90] INFO  o.e.m.c.i.embedder.EclipseLogger - Using 'UTF-8' encoding to copy filtered resources.
2017-07-30 22:21:51,925 [Worker-90] INFO  o.e.m.c.i.embedder.EclipseLogger - skip non existing resourceDirectory /home/neil/Neil_Work/MS_SJSU/scala_spark_learning/spark_ws_java/sparkJava/src/main/resources
2017-07-30 22:21:51,930 [Worker-90] INFO  o.e.m.c.i.embedder.EclipseLogger - Using 'UTF-8' encoding to copy filtered resources.
2017-07-30 22:21:51,931 [Worker-90] INFO  o.e.m.c.i.embedder.EclipseLogger - skip non existing resourceDirectory /home/neil/Neil_Work/MS_SJSU/scala_spark_learning/spark_ws_java/sparkJava/src/test/resources
2017-07-30 22:23:54,311 [Worker-107] INFO  o.e.m.c.i.embedder.EclipseLogger - Using 'UTF-8' encoding to copy filtered resources.
2017-07-30 22:23:54,329 [Worker-107] INFO  o.e.m.c.i.embedder.EclipseLogger - skip non existing resourceDirectory /home/neil/Neil_Work/MS_SJSU/scala_spark_learning/spark_ws_java/sparkJava/src/main/resources
2017-07-30 22:23:54,330 [Worker-107] INFO  o.e.m.c.i.embedder.EclipseLogger - Using 'UTF-8' encoding to copy filtered resources.
2017-07-30 22:23:54,331 [Worker-107] INFO  o.e.m.c.i.embedder.EclipseLogger - skip non existing resourceDirectory /home/neil/Neil_Work/MS_SJSU/scala_spark_learning/spark_ws_java/sparkJava/src/test/resources
2017-07-30 22:26:41,608 [Worker-99] INFO  o.e.m.c.i.embedder.EclipseLogger - Using 'UTF-8' encoding to copy filtered resources.
2017-07-30 22:26:41,609 [Worker-99] INFO  o.e.m.c.i.embedder.EclipseLogger - skip non existing resourceDirectory /home/neil/Neil_Work/MS_SJSU/scala_spark_learning/spark_ws_java/sparkJava/src/main/resources
2017-07-30 22:26:41,609 [Worker-99] INFO  o.e.m.c.i.embedder.EclipseLogger - Using 'UTF-8' encoding to copy filtered resources.
2017-07-30 22:26:41,609 [Worker-99] INFO  o.e.m.c.i.embedder.EclipseLogger - skip non existing resourceDirectory /home/neil/Neil_Work/MS_SJSU/scala_spark_learning/spark_ws_java/sparkJava/src/test/resources
2017-07-30 22:27:09,383 [Worker-90] INFO  o.e.m.c.i.embedder.EclipseLogger - Using 'UTF-8' encoding to copy filtered resources.
2017-07-30 22:27:09,383 [Worker-90] INFO  o.e.m.c.i.embedder.EclipseLogger - skip non existing resourceDirectory /home/neil/Neil_Work/MS_SJSU/scala_spark_learning/spark_ws_java/sparkJava/src/main/resources
2017-07-30 22:27:09,384 [Worker-90] INFO  o.e.m.c.i.embedder.EclipseLogger - Using 'UTF-8' encoding to copy filtered resources.
2017-07-30 22:27:09,384 [Worker-90] INFO  o.e.m.c.i.embedder.EclipseLogger - skip non existing resourceDirectory /home/neil/Neil_Work/MS_SJSU/scala_spark_learning/spark_ws_java/sparkJava/src/test/resources
2017-07-30 22:32:12,445 [Worker-111] INFO  o.e.m.c.i.embedder.EclipseLogger - Using 'UTF-8' encoding to copy filtered resources.
2017-07-30 22:32:12,445 [Worker-111] INFO  o.e.m.c.i.embedder.EclipseLogger - skip non existing resourceDirectory /home/neil/Neil_Work/MS_SJSU/scala_spark_learning/spark_ws_java/sparkJava/src/main/resources
2017-07-30 22:32:12,446 [Worker-111] INFO  o.e.m.c.i.embedder.EclipseLogger - Using 'UTF-8' encoding to copy filtered resources.
2017-07-30 22:32:12,447 [Worker-111] INFO  o.e.m.c.i.embedder.EclipseLogger - skip non existing resourceDirectory /home/neil/Neil_Work/MS_SJSU/scala_spark_learning/spark_ws_java/sparkJava/src/test/resources
2017-07-30 22:34:22,953 [Worker-103] INFO  o.e.m.c.i.embedder.EclipseLogger - Using 'UTF-8' encoding to copy filtered resources.
2017-07-30 22:34:22,968 [Worker-103] INFO  o.e.m.c.i.embedder.EclipseLogger - skip non existing resourceDirectory /home/neil/Neil_Work/MS_SJSU/scala_spark_learning/spark_ws_java/sparkJava/src/main/resources
2017-07-30 22:34:22,969 [Worker-103] INFO  o.e.m.c.i.embedder.EclipseLogger - Using 'UTF-8' encoding to copy filtered resources.
2017-07-30 22:34:22,969 [Worker-103] INFO  o.e.m.c.i.embedder.EclipseLogger - skip non existing resourceDirectory /home/neil/Neil_Work/MS_SJSU/scala_spark_learning/spark_ws_java/sparkJava/src/test/resources
2017-07-30 22:52:11,823 [Worker-124] INFO  o.e.m.c.i.embedder.EclipseLogger - Using 'UTF-8' encoding to copy filtered resources.
2017-07-30 22:52:11,824 [Worker-124] INFO  o.e.m.c.i.embedder.EclipseLogger - skip non existing resourceDirectory /home/neil/Neil_Work/MS_SJSU/scala_spark_learning/spark_ws_java/sparkJava/src/main/resources
2017-07-30 22:52:11,825 [Worker-124] INFO  o.e.m.c.i.embedder.EclipseLogger - Using 'UTF-8' encoding to copy filtered resources.
2017-07-30 22:52:11,825 [Worker-124] INFO  o.e.m.c.i.embedder.EclipseLogger - skip non existing resourceDirectory /home/neil/Neil_Work/MS_SJSU/scala_spark_learning/spark_ws_java/sparkJava/src/test/resources
2017-07-30 23:09:29,168 [Framework stop] ERROR o.e.m.c.i.p.r.ProjectRegistryReader - Can't write workspace state
java.io.FileNotFoundException: /home/neil/Neil_Work/MS_SJSU/scala_spark_learning/spark_ws_java/.metadata/.plugins/org.eclipse.m2e.core/workspaceState.ser (No such file or directory)
	at java.io.FileOutputStream.open0(Native Method) ~[na:1.8.0_131]
	at java.io.FileOutputStream.open(FileOutputStream.java:270) ~[na:1.8.0_131]
	at java.io.FileOutputStream.<init>(FileOutputStream.java:213) ~[na:1.8.0_131]
	at java.io.FileOutputStream.<init>(FileOutputStream.java:162) ~[na:1.8.0_131]
	at org.eclipse.m2e.core.internal.project.registry.ProjectRegistryReader.writeWorkspaceState(ProjectRegistryReader.java:127) ~[org.eclipse.m2e.core_1.5.1.20150109-1820.jar:na]
	at org.eclipse.m2e.core.internal.project.registry.ProjectRegistryManager.writeWorkspaceState(ProjectRegistryManager.java:881) [org.eclipse.m2e.core_1.5.1.20150109-1820.jar:na]
	at org.eclipse.m2e.core.internal.MavenPluginActivator.stop(MavenPluginActivator.java:295) [org.eclipse.m2e.core_1.5.1.20150109-1820.jar:na]
	at org.eclipse.osgi.internal.framework.BundleContextImpl$4.run(BundleContextImpl.java:827) [org.eclipse.osgi_3.10.2.v20150203-1939.jar:na]
	at org.eclipse.osgi.internal.framework.BundleContextImpl$4.run(BundleContextImpl.java:1) [org.eclipse.osgi_3.10.2.v20150203-1939.jar:na]
	at java.security.AccessController.doPrivileged(Native Method) [na:1.8.0_131]
	at org.eclipse.osgi.internal.framework.BundleContextImpl.stop(BundleContextImpl.java:820) [org.eclipse.osgi_3.10.2.v20150203-1939.jar:na]
	at org.eclipse.osgi.internal.framework.EquinoxBundle.stopWorker0(EquinoxBundle.java:950) [org.eclipse.osgi_3.10.2.v20150203-1939.jar:na]
	at org.eclipse.osgi.internal.framework.EquinoxBundle$EquinoxModule.stopWorker(EquinoxBundle.java:324) [org.eclipse.osgi_3.10.2.v20150203-1939.jar:na]
	at org.eclipse.osgi.container.Module.doStop(Module.java:626) [org.eclipse.osgi_3.10.2.v20150203-1939.jar:na]
	at org.eclipse.osgi.container.Module.stop(Module.java:488) [org.eclipse.osgi_3.10.2.v20150203-1939.jar:na]
	at org.eclipse.osgi.container.ModuleContainer$ContainerStartLevel.decStartLevel(ModuleContainer.java:1623) [org.eclipse.osgi_3.10.2.v20150203-1939.jar:na]
	at org.eclipse.osgi.container.ModuleContainer$ContainerStartLevel.doContainerStartLevel(ModuleContainer.java:1542) [org.eclipse.osgi_3.10.2.v20150203-1939.jar:na]
	at org.eclipse.osgi.container.SystemModule.stopWorker(SystemModule.java:248) [org.eclipse.osgi_3.10.2.v20150203-1939.jar:na]
	at org.eclipse.osgi.internal.framework.EquinoxBundle$SystemBundle$EquinoxSystemModule.stopWorker(EquinoxBundle.java:145) [org.eclipse.osgi_3.10.2.v20150203-1939.jar:na]
	at org.eclipse.osgi.container.Module.doStop(Module.java:626) [org.eclipse.osgi_3.10.2.v20150203-1939.jar:na]
	at org.eclipse.osgi.container.Module.stop(Module.java:488) [org.eclipse.osgi_3.10.2.v20150203-1939.jar:na]
	at org.eclipse.osgi.container.SystemModule.stop(SystemModule.java:186) [org.eclipse.osgi_3.10.2.v20150203-1939.jar:na]
	at org.eclipse.osgi.internal.framework.EquinoxBundle$SystemBundle$EquinoxSystemModule$1.run(EquinoxBundle.java:160) [org.eclipse.osgi_3.10.2.v20150203-1939.jar:na]
	at java.lang.Thread.run(Thread.java:748) [na:1.8.0_131]
2017-07-30 23:24:18,267 [Worker-5] INFO  o.e.m.c.i.l.LifecycleMappingFactory - Using org.eclipse.m2e.jdt.JarLifecycleMapping lifecycle mapping for MavenProject: sample.project.:sparkJava:0.0.1-SNAPSHOT @ /home/neil/Neil_Work/MS_SJSU/scala_spark_learning/Spark_Scala/spark_ws_java/sparkJava/pom.xml.
2017-07-30 23:25:53,089 [Worker-2] INFO  o.e.m.c.i.embedder.EclipseLogger - Using 'UTF-8' encoding to copy filtered resources.
2017-07-30 23:25:53,090 [Worker-2] INFO  o.e.m.c.i.embedder.EclipseLogger - skip non existing resourceDirectory /home/neil/Neil_Work/MS_SJSU/scala_spark_learning/Spark_Scala/spark_ws_java/sparkJava/src/main/resources
2017-07-30 23:25:53,093 [Worker-2] INFO  o.e.m.c.i.embedder.EclipseLogger - Using 'UTF-8' encoding to copy filtered resources.
2017-07-30 23:25:53,093 [Worker-2] INFO  o.e.m.c.i.embedder.EclipseLogger - skip non existing resourceDirectory /home/neil/Neil_Work/MS_SJSU/scala_spark_learning/Spark_Scala/spark_ws_java/sparkJava/src/test/resources
2017-07-31 14:25:33,515 [Worker-43] INFO  o.e.m.c.i.embedder.EclipseLogger - Using 'UTF-8' encoding to copy filtered resources.
2017-07-31 14:25:33,547 [Worker-43] INFO  o.e.m.c.i.embedder.EclipseLogger - skip non existing resourceDirectory /home/neil/Neil_Work/MS_SJSU/scala_spark_learning/Spark_Scala/spark_ws_java/sparkJava/src/main/resources
2017-07-31 14:25:33,550 [Worker-43] INFO  o.e.m.c.i.embedder.EclipseLogger - Using 'UTF-8' encoding to copy filtered resources.
2017-07-31 14:25:33,550 [Worker-43] INFO  o.e.m.c.i.embedder.EclipseLogger - skip non existing resourceDirectory /home/neil/Neil_Work/MS_SJSU/scala_spark_learning/Spark_Scala/spark_ws_java/sparkJava/src/test/resources
