2017-07-30 16:19:59,093 ERROR [Worker-1] - Statistics - Statistics file `/home/neil/.scalaide/statistics` is corrupted. A new one is being created. Corrupted content was:

com.cedarsoftware.util.io.JsonIoException: error parsing JSON value
	at com.cedarsoftware.util.io.JsonReader.readObject(JsonReader.java:529)
	at com.cedarsoftware.util.io.JsonReader.jsonToJava(JsonReader.java:289)
	at com.cedarsoftware.util.io.JsonReader.jsonToJava(JsonReader.java:262)
	at org.scalaide.core.internal.statistics.Statistics.read(Statistics.scala:74)
	at org.scalaide.core.internal.statistics.Statistics.$anonfun$readStats$1(Statistics.scala:52)
	at org.scalaide.core.internal.statistics.Statistics.$anonfun$readStats$1$adapted(Statistics.scala:51)
	at org.scalaide.core.ScalaIdeDataStore$.$anonfun$validate$2(ScalaIdeDataStore.scala:59)
	at org.scalaide.util.eclipse.EclipseUtils$$anon$3.run(EclipseUtils.scala:230)
	at org.eclipse.core.runtime.SafeRunner.run(SafeRunner.java:42)
	at org.scalaide.util.eclipse.EclipseUtils$.withSafeRunner(EclipseUtils.scala:226)
	at org.scalaide.core.ScalaIdeDataStore$.validate(ScalaIdeDataStore.scala:59)
	at org.scalaide.core.internal.statistics.Statistics.readStats(Statistics.scala:51)
	at org.scalaide.core.internal.statistics.Statistics.<init>(Statistics.scala:30)
	at org.scalaide.core.internal.ScalaPlugin.stats$lzycompute(ScalaPlugin.scala:137)
	at org.scalaide.core.internal.ScalaPlugin.stats(ScalaPlugin.scala:137)
	at org.scalaide.core.internal.ScalaPlugin.statistics(ScalaPlugin.scala:140)
	at org.scalaide.core.internal.ScalaPlugin.start(ScalaPlugin.scala:111)
	at org.eclipse.osgi.internal.framework.BundleContextImpl$3.run(BundleContextImpl.java:774)
	at org.eclipse.osgi.internal.framework.BundleContextImpl$3.run(BundleContextImpl.java:1)
	at java.security.AccessController.doPrivileged(Native Method)
	at org.eclipse.osgi.internal.framework.BundleContextImpl.startActivator(BundleContextImpl.java:767)
	at org.eclipse.osgi.internal.framework.BundleContextImpl.start(BundleContextImpl.java:724)
	at org.eclipse.osgi.internal.framework.EquinoxBundle.startWorker0(EquinoxBundle.java:932)
	at org.eclipse.osgi.internal.framework.EquinoxBundle$EquinoxModule.startWorker(EquinoxBundle.java:309)
	at org.eclipse.osgi.container.Module.doStart(Module.java:581)
	at org.eclipse.osgi.container.Module.start(Module.java:449)
	at org.eclipse.osgi.framework.util.SecureAction.start(SecureAction.java:470)
	at org.eclipse.osgi.internal.hooks.EclipseLazyStarter.postFindLocalClass(EclipseLazyStarter.java:107)
	at org.eclipse.osgi.internal.loader.classpath.ClasspathManager.findLocalClass(ClasspathManager.java:529)
	at org.eclipse.osgi.internal.loader.ModuleClassLoader.findLocalClass(ModuleClassLoader.java:325)
	at org.eclipse.osgi.internal.loader.BundleLoader.findLocalClass(BundleLoader.java:345)
	at org.eclipse.osgi.internal.loader.sources.SingleSourcePackage.loadClass(SingleSourcePackage.java:36)
	at org.eclipse.osgi.internal.loader.BundleLoader.findClassInternal(BundleLoader.java:419)
	at org.eclipse.osgi.internal.loader.BundleLoader.findClass(BundleLoader.java:372)
	at org.eclipse.osgi.internal.loader.BundleLoader.findClass(BundleLoader.java:364)
	at org.eclipse.osgi.internal.loader.ModuleClassLoader.loadClass(ModuleClassLoader.java:161)
	at java.lang.ClassLoader.loadClass(ClassLoader.java:357)
	at org.scalaide.debug.internal.ScalaDebugger$.init(ScalaDebugger.scala:66)
	at org.scalaide.debug.internal.ScalaDebugPlugin.start(ScalaDebugPlugin.scala:30)
	at org.eclipse.osgi.internal.framework.BundleContextImpl$3.run(BundleContextImpl.java:774)
	at org.eclipse.osgi.internal.framework.BundleContextImpl$3.run(BundleContextImpl.java:1)
	at java.security.AccessController.doPrivileged(Native Method)
	at org.eclipse.osgi.internal.framework.BundleContextImpl.startActivator(BundleContextImpl.java:767)
	at org.eclipse.osgi.internal.framework.BundleContextImpl.start(BundleContextImpl.java:724)
	at org.eclipse.osgi.internal.framework.EquinoxBundle.startWorker0(EquinoxBundle.java:932)
	at org.eclipse.osgi.internal.framework.EquinoxBundle$EquinoxModule.startWorker(EquinoxBundle.java:309)
	at org.eclipse.osgi.container.Module.doStart(Module.java:581)
	at org.eclipse.osgi.container.Module.start(Module.java:449)
	at org.eclipse.osgi.framework.util.SecureAction.start(SecureAction.java:470)
	at org.eclipse.osgi.internal.hooks.EclipseLazyStarter.postFindLocalClass(EclipseLazyStarter.java:107)
	at org.eclipse.osgi.internal.loader.classpath.ClasspathManager.findLocalClass(ClasspathManager.java:529)
	at org.eclipse.osgi.internal.loader.ModuleClassLoader.findLocalClass(ModuleClassLoader.java:325)
	at org.eclipse.osgi.internal.loader.BundleLoader.findLocalClass(BundleLoader.java:345)
	at org.eclipse.osgi.internal.loader.BundleLoader.findClassInternal(BundleLoader.java:423)
	at org.eclipse.osgi.internal.loader.BundleLoader.findClass(BundleLoader.java:372)
	at org.eclipse.osgi.internal.loader.BundleLoader.findClass(BundleLoader.java:364)
	at org.eclipse.osgi.internal.loader.ModuleClassLoader.loadClass(ModuleClassLoader.java:161)
	at java.lang.ClassLoader.loadClass(ClassLoader.java:357)
	at org.eclipse.osgi.internal.framework.EquinoxBundle.loadClass(EquinoxBundle.java:564)
	at org.eclipse.core.internal.registry.osgi.RegistryStrategyOSGI.createExecutableExtension(RegistryStrategyOSGI.java:174)
	at org.eclipse.core.internal.registry.ExtensionRegistry.createExecutableExtension(ExtensionRegistry.java:905)
	at org.eclipse.core.internal.registry.ConfigurationElement.createExecutableExtension(ConfigurationElement.java:243)
	at org.eclipse.core.internal.registry.ConfigurationElementHandle.createExecutableExtension(ConfigurationElementHandle.java:55)
	at org.eclipse.ui.internal.WorkbenchPlugin$1.run(WorkbenchPlugin.java:291)
	at org.eclipse.swt.custom.BusyIndicator.showWhile(BusyIndicator.java:52)
	at org.eclipse.ui.internal.WorkbenchPlugin.createExtension(WorkbenchPlugin.java:286)
	at org.eclipse.ui.internal.EarlyStartupRunnable.run(EarlyStartupRunnable.java:53)
	at org.eclipse.core.runtime.SafeRunner.run(SafeRunner.java:42)
	at org.eclipse.ui.internal.Workbench$55.run(Workbench.java:2835)
	at org.eclipse.core.internal.jobs.Worker.run(Worker.java:55)
Caused by: com.cedarsoftware.util.io.JsonIoException: EOF reached prematurely
	at com.cedarsoftware.util.io.JsonParser.error(JsonParser.java:584)
	at com.cedarsoftware.util.io.JsonParser.readValue(JsonParser.java:278)
	at com.cedarsoftware.util.io.JsonReader.readObject(JsonReader.java:521)
	... 69 more
2017-07-30 16:20:25,976 ERROR [main] - System.err - log4j:WARN No appenders could be found for logger (org.eclipse.m2e.core.internal.project.registry.ProjectRegistryRefreshJob).
2017-07-30 16:20:25,976 ERROR [main] - System.err - log4j:WARN Please initialize the log4j system properly.
2017-07-30 16:22:38,900  WARN [main] - ScalaProject - Project sample has platform default sourceLevel.
2017-07-30 16:22:38,901  WARN [main] - ScalaProject - Project sample runs on platform default installation.
2017-07-30 16:22:39,150  WARN [main] - ScalaProject - Project sample has platform default sourceLevel.
2017-07-30 16:22:39,152  WARN [main] - ScalaProject - Project sample runs on platform default installation.
2017-07-30 16:22:39,789  WARN [Worker-1] - ScalaProject - Project sample has platform default sourceLevel.
2017-07-30 16:22:39,790  WARN [Worker-1] - ScalaProject - Project sample runs on platform default installation.
2017-07-30 16:23:14,699  WARN [Worker-1] - ScalaProject - Project sample has platform default sourceLevel.
2017-07-30 16:23:14,699  WARN [Worker-1] - ScalaProject - Project sample runs on platform default installation.
2017-07-30 16:23:33,287  WARN [main] - ScalaProject - Project sample has platform default sourceLevel.
2017-07-30 16:23:33,288  WARN [main] - ScalaProject - Project sample runs on platform default installation.
2017-07-30 16:40:14,867 ERROR [Text Viewer Hover Presenter] - IScalaPresentationCompiler$ - Ignoring InterruptException
2017-07-30 16:40:14,928 ERROR [Text Viewer Hover Presenter] - IScalaPresentationCompiler$ - Ignoring InterruptException
2017-07-30 16:40:14,928 ERROR [Text Viewer Hover Presenter] - IScalaPresentationCompiler$ - Ignoring InterruptException
2017-07-30 16:40:14,928 ERROR [Text Viewer Hover Presenter] - IScalaPresentationCompiler$ - Ignoring InterruptException
2017-07-30 18:05:45,933 ERROR [Text Viewer Hover Presenter] - IScalaPresentationCompiler$ - Ignoring InterruptException
2017-07-30 18:05:45,945 ERROR [Text Viewer Hover Presenter] - IScalaPresentationCompiler$ - Ignoring InterruptException
2017-07-30 18:05:45,946 ERROR [Text Viewer Hover Presenter] - IScalaPresentationCompiler$ - Ignoring InterruptException
2017-07-30 18:10:21,533 ERROR [main] - org.scala-ide.sdt.core - org.scala-ide.sdt.core - org.scala-ide.sdt.core - 0 - Unexptected error - most likely due to an illegal position
java.lang.StringIndexOutOfBoundsException: String index out of range: -1
	at java.lang.String.substring(String.java:1967)
	at scala.tools.refactoring.common.EnrichedTrees$TreeMethodsForPositions.nameString(EnrichedTrees.scala:355)
	at scala.tools.refactoring.common.EnrichedTrees$TreeMethodsForPositions.namePosition(EnrichedTrees.scala:255)
	at org.scalaide.core.internal.decorators.semantichighlighting.classifier.SafeSymbol.$anonfun$safeSymbol$15(SafeSymbol.scala:138)
	at scala.tools.nsc.util.InterruptReq.execute(InterruptReq.scala:26)
	at scala.tools.nsc.interactive.Global.$anonfun$pollForWork$1(Global.scala:444)
	at scala.tools.nsc.interactive.Global.pollForWork(Global.scala:418)
	at scala.tools.nsc.interactive.Global.checkForMoreWork(Global.scala:507)
	at scala.tools.nsc.interactive.Global.signalDone(Global.scala:348)
	at scala.tools.nsc.typechecker.Typers$Typer.runTyper$1(Typers.scala:5585)
	at scala.tools.nsc.typechecker.Typers$Typer.typedInternal(Typers.scala:5593)
	at scala.tools.nsc.typechecker.Typers$Typer.body$2(Typers.scala:5537)
	at scala.tools.nsc.typechecker.Typers$Typer.typed(Typers.scala:5541)
	at scala.tools.nsc.typechecker.Typers$Typer.typedType(Typers.scala:5686)
	at scala.tools.nsc.typechecker.Typers$Typer.typedHigherKindedType(Typers.scala:5693)
	at scala.tools.nsc.typechecker.Typers$Typer.$anonfun$typed1$70(Typers.scala:5119)
	at scala.tools.nsc.typechecker.Typers$Typer.typedAppliedTypeTree$1(Typers.scala:5108)
	at scala.tools.nsc.typechecker.Typers$Typer.typedTypTree$1(Typers.scala:5463)
	at scala.tools.nsc.typechecker.Typers$Typer.typed1(Typers.scala:5525)
	at scala.tools.nsc.typechecker.Typers$Typer.runTyper$1(Typers.scala:5563)
	at scala.tools.nsc.typechecker.Typers$Typer.typedInternal(Typers.scala:5593)
	at scala.tools.nsc.typechecker.Typers$Typer.body$2(Typers.scala:5537)
	at scala.tools.nsc.typechecker.Typers$Typer.typed(Typers.scala:5541)
	at scala.tools.nsc.typechecker.Typers$Typer.typedType(Typers.scala:5686)
	at scala.tools.nsc.typechecker.Typers$Typer.typedType(Typers.scala:5689)
	at scala.tools.nsc.typechecker.Typers$Typer.typedValDefImpl(Typers.scala:2038)
	at scala.tools.nsc.typechecker.Typers$Typer.typedValDef(Typers.scala:2024)
	at scala.tools.nsc.typechecker.Typers$Typer.$anonfun$typedDefDef$6(Typers.scala:2260)
	at scala.tools.nsc.typechecker.Typers$Typer.$anonfun$typedDefDef$5(Typers.scala:2260)
	at scala.tools.nsc.typechecker.Typers$Typer.typedDefDef(Typers.scala:2260)
	at scala.tools.nsc.typechecker.Typers$Typer.typedMemberDef$1(Typers.scala:5475)
	at scala.tools.nsc.typechecker.Typers$Typer.typed1(Typers.scala:5526)
	at scala.tools.nsc.typechecker.Typers$Typer.runTyper$1(Typers.scala:5563)
	at scala.tools.nsc.typechecker.Typers$Typer.typedInternal(Typers.scala:5593)
	at scala.tools.nsc.typechecker.Typers$Typer.body$2(Typers.scala:5537)
	at scala.tools.nsc.typechecker.Typers$Typer.typed(Typers.scala:5541)
	at scala.tools.nsc.typechecker.Typers$Typer.typedByValueExpr(Typers.scala:5624)
	at scala.tools.nsc.typechecker.Typers$Typer.typedStat$1(Typers.scala:3075)
	at scala.tools.nsc.typechecker.Typers$Typer.$anonfun$typedStats$9(Typers.scala:3219)
	at scala.tools.nsc.typechecker.Typers$Typer.typedStats(Typers.scala:3219)
	at scala.tools.nsc.typechecker.Typers$Typer.typedTemplate(Typers.scala:1987)
	at scala.tools.nsc.typechecker.Typers$Typer.typedModuleDef(Typers.scala:1858)
	at scala.tools.nsc.typechecker.Typers$Typer.typedMemberDef$1(Typers.scala:5477)
	at scala.tools.nsc.typechecker.Typers$Typer.typed1(Typers.scala:5526)
	at scala.tools.nsc.typechecker.Typers$Typer.runTyper$1(Typers.scala:5563)
	at scala.tools.nsc.typechecker.Typers$Typer.typedInternal(Typers.scala:5593)
	at scala.tools.nsc.typechecker.Typers$Typer.body$2(Typers.scala:5537)
	at scala.tools.nsc.typechecker.Typers$Typer.typed(Typers.scala:5541)
	at scala.tools.nsc.typechecker.Typers$Typer.typedByValueExpr(Typers.scala:5624)
	at scala.tools.nsc.typechecker.Typers$Typer.typedStat$1(Typers.scala:3075)
	at scala.tools.nsc.typechecker.Typers$Typer.$anonfun$typedStats$9(Typers.scala:3219)
	at scala.tools.nsc.typechecker.Typers$Typer.typedStats(Typers.scala:3219)
	at scala.tools.nsc.typechecker.Typers$Typer.typedPackageDef$1(Typers.scala:5176)
	at scala.tools.nsc.typechecker.Typers$Typer.typedMemberDef$1(Typers.scala:5479)
	at scala.tools.nsc.typechecker.Typers$Typer.typed1(Typers.scala:5526)
	at scala.tools.nsc.typechecker.Typers$Typer.runTyper$1(Typers.scala:5563)
	at scala.tools.nsc.typechecker.Typers$Typer.typedInternal(Typers.scala:5593)
	at scala.tools.nsc.typechecker.Typers$Typer.body$2(Typers.scala:5537)
	at scala.tools.nsc.typechecker.Typers$Typer.typed(Typers.scala:5541)
	at scala.tools.nsc.typechecker.Typers$Typer.typed(Typers.scala:5620)
	at scala.tools.nsc.typechecker.Analyzer$typerFactory$$anon$3.apply(Analyzer.scala:102)
	at scala.tools.nsc.Global$GlobalPhase.$anonfun$applyPhase$1(Global.scala:423)
	at scala.tools.nsc.Global$GlobalPhase.applyPhase(Global.scala:416)
	at scala.tools.nsc.interactive.Global$TyperRun.$anonfun$applyPhase$1(Global.scala:1326)
	at scala.tools.nsc.interactive.Global$TyperRun.applyPhase(Global.scala:1326)
	at scala.tools.nsc.interactive.Global$TyperRun.typeCheck(Global.scala:1319)
	at scala.tools.nsc.interactive.Global.typeCheck(Global.scala:657)
	at scala.tools.nsc.interactive.Global.$anonfun$backgroundCompile$7(Global.scala:572)
	at scala.tools.nsc.interactive.Global.$anonfun$backgroundCompile$6(Global.scala:568)
	at scala.tools.nsc.interactive.Global.$anonfun$backgroundCompile$6$adapted(Global.scala:568)
	at scala.collection.TraversableLike$WithFilter.$anonfun$foreach$1(TraversableLike.scala:789)
	at scala.collection.immutable.List.foreach(List.scala:389)
	at scala.collection.TraversableLike$WithFilter.foreach(TraversableLike.scala:788)
	at scala.tools.nsc.interactive.Global.backgroundCompile(Global.scala:568)
	at scala.tools.nsc.interactive.PresentationCompilerThread.run(PresentationCompilerThread.scala:25)
2017-07-30 18:10:23,679 ERROR [main] - org.scala-ide.sdt.core - org.scala-ide.sdt.core - org.scala-ide.sdt.core - 0 - Unexptected error - most likely due to an illegal position
java.lang.StringIndexOutOfBoundsException: String index out of range: -1
	at java.lang.String.substring(String.java:1967)
	at scala.tools.refactoring.common.EnrichedTrees$TreeMethodsForPositions.nameString(EnrichedTrees.scala:355)
	at scala.tools.refactoring.common.EnrichedTrees$TreeMethodsForPositions.namePosition(EnrichedTrees.scala:255)
	at org.scalaide.core.internal.decorators.semantichighlighting.classifier.SafeSymbol.$anonfun$safeSymbol$15(SafeSymbol.scala:138)
	at scala.tools.nsc.util.InterruptReq.execute(InterruptReq.scala:26)
	at scala.tools.nsc.interactive.Global.$anonfun$pollForWork$1(Global.scala:444)
	at scala.tools.nsc.interactive.Global.pollForWork(Global.scala:418)
	at scala.tools.nsc.interactive.PresentationCompilerThread.run(PresentationCompilerThread.scala:22)
2017-07-30 18:10:24,057 ERROR [main] - org.scala-ide.sdt.core - org.scala-ide.sdt.core - org.scala-ide.sdt.core - 0 - Unexptected error - most likely due to an illegal position
java.lang.StringIndexOutOfBoundsException: String index out of range: -1
	at java.lang.String.substring(String.java:1967)
	at scala.tools.refactoring.common.EnrichedTrees$TreeMethodsForPositions.nameString(EnrichedTrees.scala:355)
	at scala.tools.refactoring.common.EnrichedTrees$TreeMethodsForPositions.namePosition(EnrichedTrees.scala:255)
	at org.scalaide.core.internal.decorators.semantichighlighting.classifier.SafeSymbol.$anonfun$safeSymbol$15(SafeSymbol.scala:138)
	at scala.tools.nsc.util.InterruptReq.execute(InterruptReq.scala:26)
	at scala.tools.nsc.interactive.Global.$anonfun$pollForWork$1(Global.scala:444)
	at scala.tools.nsc.interactive.Global.pollForWork(Global.scala:418)
	at scala.tools.nsc.interactive.PresentationCompilerThread.run(PresentationCompilerThread.scala:22)
2017-07-30 18:10:24,553 ERROR [main] - org.scala-ide.sdt.core - org.scala-ide.sdt.core - org.scala-ide.sdt.core - 0 - Unexptected error - most likely due to an illegal position
java.lang.StringIndexOutOfBoundsException: String index out of range: -1
	at java.lang.String.substring(String.java:1967)
	at scala.tools.refactoring.common.EnrichedTrees$TreeMethodsForPositions.nameString(EnrichedTrees.scala:355)
	at scala.tools.refactoring.common.EnrichedTrees$TreeMethodsForPositions.namePosition(EnrichedTrees.scala:255)
	at org.scalaide.core.internal.decorators.semantichighlighting.classifier.SafeSymbol.$anonfun$safeSymbol$15(SafeSymbol.scala:138)
	at scala.tools.nsc.util.InterruptReq.execute(InterruptReq.scala:26)
	at scala.tools.nsc.interactive.Global.$anonfun$pollForWork$1(Global.scala:444)
	at scala.tools.nsc.interactive.Global.pollForWork(Global.scala:418)
	at scala.tools.nsc.interactive.PresentationCompilerThread.run(PresentationCompilerThread.scala:22)
2017-07-30 18:10:25,048 ERROR [main] - org.scala-ide.sdt.core - org.scala-ide.sdt.core - org.scala-ide.sdt.core - 0 - Unexptected error - most likely due to an illegal position
java.lang.StringIndexOutOfBoundsException: String index out of range: -1
	at java.lang.String.substring(String.java:1967)
	at scala.tools.refactoring.common.EnrichedTrees$TreeMethodsForPositions.nameString(EnrichedTrees.scala:355)
	at scala.tools.refactoring.common.EnrichedTrees$TreeMethodsForPositions.namePosition(EnrichedTrees.scala:255)
	at org.scalaide.core.internal.decorators.semantichighlighting.classifier.SafeSymbol.$anonfun$safeSymbol$15(SafeSymbol.scala:138)
	at scala.tools.nsc.util.InterruptReq.execute(InterruptReq.scala:26)
	at scala.tools.nsc.interactive.Global.$anonfun$pollForWork$1(Global.scala:444)
	at scala.tools.nsc.interactive.Global.pollForWork(Global.scala:418)
	at scala.tools.nsc.interactive.PresentationCompilerThread.run(PresentationCompilerThread.scala:22)
2017-07-30 18:10:35,570 ERROR [main] - org.scala-ide.sdt.core - org.scala-ide.sdt.core - org.scala-ide.sdt.core - 0 - Unexptected error - most likely due to an illegal position
java.lang.StringIndexOutOfBoundsException: String index out of range: -1
	at java.lang.String.substring(String.java:1967)
	at scala.tools.refactoring.common.EnrichedTrees$TreeMethodsForPositions.nameString(EnrichedTrees.scala:355)
	at scala.tools.refactoring.common.EnrichedTrees$TreeMethodsForPositions.namePosition(EnrichedTrees.scala:255)
	at org.scalaide.core.internal.decorators.semantichighlighting.classifier.SafeSymbol.$anonfun$safeSymbol$15(SafeSymbol.scala:138)
	at scala.tools.nsc.util.InterruptReq.execute(InterruptReq.scala:26)
	at scala.tools.nsc.interactive.Global.$anonfun$pollForWork$1(Global.scala:444)
	at scala.tools.nsc.interactive.Global.pollForWork(Global.scala:418)
	at scala.tools.nsc.interactive.PresentationCompilerThread.run(PresentationCompilerThread.scala:22)
2017-07-30 18:10:36,068 ERROR [main] - org.scala-ide.sdt.core - org.scala-ide.sdt.core - org.scala-ide.sdt.core - 0 - Unexptected error - most likely due to an illegal position
java.lang.StringIndexOutOfBoundsException: String index out of range: -1
	at java.lang.String.substring(String.java:1967)
	at scala.tools.refactoring.common.EnrichedTrees$TreeMethodsForPositions.nameString(EnrichedTrees.scala:355)
	at scala.tools.refactoring.common.EnrichedTrees$TreeMethodsForPositions.namePosition(EnrichedTrees.scala:255)
	at org.scalaide.core.internal.decorators.semantichighlighting.classifier.SafeSymbol.$anonfun$safeSymbol$15(SafeSymbol.scala:138)
	at scala.tools.nsc.util.InterruptReq.execute(InterruptReq.scala:26)
	at scala.tools.nsc.interactive.Global.$anonfun$pollForWork$1(Global.scala:444)
	at scala.tools.nsc.interactive.Global.pollForWork(Global.scala:418)
	at scala.tools.nsc.interactive.PresentationCompilerThread.run(PresentationCompilerThread.scala:22)
2017-07-30 23:03:04,950 ERROR [Text Viewer Hover Presenter] - IScalaPresentationCompiler$ - Ignoring InterruptException
2017-07-30 23:03:05,051 ERROR [Text Viewer Hover Presenter] - IScalaPresentationCompiler$ - Ignoring InterruptException
2017-07-30 23:03:05,051 ERROR [Text Viewer Hover Presenter] - IScalaPresentationCompiler$ - Ignoring InterruptException
2017-07-30 23:28:46,714 ERROR [Text Viewer Hover Presenter] - IScalaPresentationCompiler$ - Ignoring InterruptException
2017-07-30 23:28:46,729 ERROR [Text Viewer Hover Presenter] - IScalaPresentationCompiler$ - Ignoring InterruptException
